[2022-02-01 13:40:50] local.ERROR: Unable to read key from file file://C:\Laravel_Project\apigateway\storage\oauth-private.key {"exception":"[object] (LogicException(code: 0): Unable to read key from file file://C:\\Laravel_Project\\apigateway\\storage\\oauth-private.key at C:\\Laravel_Project\\apigateway\\vendor\\league\\oauth2-server\\src\\CryptKey.php:67)
[stacktrace]
#0 C:\\Laravel_Project\\apigateway\\vendor\\laravel\\passport\\src\\PassportServiceProvider.php(275): League\\OAuth2\\Server\\CryptKey->__construct('file://C:\\\\Larav...', NULL, false)
#1 C:\\Laravel_Project\\apigateway\\vendor\\laravel\\passport\\src\\PassportServiceProvider.php(214): Laravel\\Passport\\PassportServiceProvider->makeCryptKey('private')
#2 C:\\Laravel_Project\\apigateway\\vendor\\laravel\\passport\\src\\PassportServiceProvider.php(104): Laravel\\Passport\\PassportServiceProvider->makeAuthorizationServer()
#3 C:\\Laravel_Project\\apigateway\\vendor\\illuminate\\container\\Container.php(873): Laravel\\Passport\\PassportServiceProvider->Laravel\\Passport\\{closure}(Object(Laravel\\Lumen\\Application), Array)
#4 C:\\Laravel_Project\\apigateway\\vendor\\illuminate\\container\\Container.php(758): Illuminate\\Container\\Container->build(Object(Closure))
#5 C:\\Laravel_Project\\apigateway\\vendor\\illuminate\\container\\Container.php(694): Illuminate\\Container\\Container->resolve('League\\\\OAuth2\\\\S...', Array)
#6 C:\\Laravel_Project\\apigateway\\vendor\\laravel\\lumen-framework\\src\\Application.php(300): Illuminate\\Container\\Container->make('League\\\\OAuth2\\\\S...', Array)
#7 C:\\Laravel_Project\\apigateway\\vendor\\illuminate\\container\\Container.php(1031): Laravel\\Lumen\\Application->make('League\\\\OAuth2\\\\S...')
#8 C:\\Laravel_Project\\apigateway\\vendor\\illuminate\\container\\Container.php(951): Illuminate\\Container\\Container->resolveClass(Object(ReflectionParameter))
#9 C:\\Laravel_Project\\apigateway\\vendor\\illuminate\\container\\Container.php(912): Illuminate\\Container\\Container->resolveDependencies(Array)
#10 C:\\Laravel_Project\\apigateway\\vendor\\illuminate\\container\\Container.php(758): Illuminate\\Container\\Container->build('\\\\Dusterio\\\\Lumen...')
#11 C:\\Laravel_Project\\apigateway\\vendor\\illuminate\\container\\Container.php(694): Illuminate\\Container\\Container->resolve('\\\\Dusterio\\\\Lumen...', Array)
#12 C:\\Laravel_Project\\apigateway\\vendor\\laravel\\lumen-framework\\src\\Application.php(300): Illuminate\\Container\\Container->make('\\\\Dusterio\\\\Lumen...', Array)
#13 C:\\Laravel_Project\\apigateway\\vendor\\laravel\\lumen-framework\\src\\Concerns\\RoutesRequests.php(324): Laravel\\Lumen\\Application->make('\\\\Dusterio\\\\Lumen...')
#14 C:\\Laravel_Project\\apigateway\\vendor\\laravel\\lumen-framework\\src\\Concerns\\RoutesRequests.php(282): Laravel\\Lumen\\Application->callControllerAction(Array)
#15 C:\\Laravel_Project\\apigateway\\vendor\\laravel\\lumen-framework\\src\\Concerns\\RoutesRequests.php(267): Laravel\\Lumen\\Application->callActionOnArrayBasedRoute(Array)
#16 C:\\Laravel_Project\\apigateway\\vendor\\laravel\\lumen-framework\\src\\Concerns\\RoutesRequests.php(169): Laravel\\Lumen\\Application->handleFoundRoute(Array)
#17 C:\\Laravel_Project\\apigateway\\vendor\\laravel\\lumen-framework\\src\\Concerns\\RoutesRequests.php(429): Laravel\\Lumen\\Application->Laravel\\Lumen\\Concerns\\{closure}(Object(Laravel\\Lumen\\Http\\Request))
#18 C:\\Laravel_Project\\apigateway\\vendor\\laravel\\lumen-framework\\src\\Concerns\\RoutesRequests.php(175): Laravel\\Lumen\\Application->sendThroughPipeline(Array, Object(Closure))
#19 C:\\Laravel_Project\\apigateway\\vendor\\laravel\\lumen-framework\\src\\Concerns\\RoutesRequests.php(112): Laravel\\Lumen\\Application->dispatch(NULL)
#20 C:\\Laravel_Project\\apigateway\\public\\index.php(28): Laravel\\Lumen\\Application->run()
#21 {main}
"} 
[2022-02-01 13:44:13] local.ERROR: Class 'App\User' not found {"exception":"[object] (Error(code: 0): Class 'App\\User' not found at C:\\Laravel_Project\\apigateway\\vendor\\laravel\\passport\\src\\Bridge\\UserRepository.php:54)
[stacktrace]
#0 C:\\Laravel_Project\\apigateway\\vendor\\league\\oauth2-server\\src\\Grant\\PasswordGrant.php(100): Laravel\\Passport\\Bridge\\UserRepository->getUserEntityByUserCredentials('user1@gmail.com', '123456', 'password', Object(Laravel\\Passport\\Bridge\\Client))
#1 C:\\Laravel_Project\\apigateway\\vendor\\league\\oauth2-server\\src\\Grant\\PasswordGrant.php(56): League\\OAuth2\\Server\\Grant\\PasswordGrant->validateUser(Object(Nyholm\\Psr7\\ServerRequest), Object(Laravel\\Passport\\Bridge\\Client))
#2 C:\\Laravel_Project\\apigateway\\vendor\\league\\oauth2-server\\src\\AuthorizationServer.php(204): League\\OAuth2\\Server\\Grant\\PasswordGrant->respondToAccessTokenRequest(Object(Nyholm\\Psr7\\ServerRequest), Object(League\\OAuth2\\Server\\ResponseTypes\\BearerTokenResponse), Object(DateInterval))
#3 C:\\Laravel_Project\\apigateway\\vendor\\dusterio\\lumen-passport\\src\\Http\\Controllers\\AccessTokenController.php(34): League\\OAuth2\\Server\\AuthorizationServer->respondToAccessTokenRequest(Object(Nyholm\\Psr7\\ServerRequest), Object(Laminas\\Diactoros\\Response))
#4 C:\\Laravel_Project\\apigateway\\vendor\\laravel\\passport\\src\\Http\\Controllers\\HandlesOAuthErrors.php(24): Dusterio\\LumenPassport\\Http\\Controllers\\AccessTokenController->Dusterio\\LumenPassport\\Http\\Controllers\\{closure}()
#5 C:\\Laravel_Project\\apigateway\\vendor\\dusterio\\lumen-passport\\src\\Http\\Controllers\\AccessTokenController.php(35): Laravel\\Passport\\Http\\Controllers\\AccessTokenController->withErrorHandling(Object(Closure))
#6 C:\\Laravel_Project\\apigateway\\vendor\\illuminate\\container\\BoundMethod.php(36): Dusterio\\LumenPassport\\Http\\Controllers\\AccessTokenController->issueToken(Object(Nyholm\\Psr7\\ServerRequest))
#7 C:\\Laravel_Project\\apigateway\\vendor\\illuminate\\container\\Util.php(40): Illuminate\\Container\\BoundMethod::Illuminate\\Container\\{closure}()
#8 C:\\Laravel_Project\\apigateway\\vendor\\illuminate\\container\\BoundMethod.php(93): Illuminate\\Container\\Util::unwrapIfClosure(Object(Closure))
#9 C:\\Laravel_Project\\apigateway\\vendor\\illuminate\\container\\BoundMethod.php(37): Illuminate\\Container\\BoundMethod::callBoundMethod(Object(Laravel\\Lumen\\Application), Array, Object(Closure))
#10 C:\\Laravel_Project\\apigateway\\vendor\\illuminate\\container\\Container.php(653): Illuminate\\Container\\BoundMethod::call(Object(Laravel\\Lumen\\Application), Array, Array, NULL)
#11 C:\\Laravel_Project\\apigateway\\vendor\\laravel\\lumen-framework\\src\\Concerns\\RoutesRequests.php(389): Illuminate\\Container\\Container->call(Array, Array)
#12 C:\\Laravel_Project\\apigateway\\vendor\\laravel\\lumen-framework\\src\\Concerns\\RoutesRequests.php(332): Laravel\\Lumen\\Application->callControllerCallable(Array, Array)
#13 C:\\Laravel_Project\\apigateway\\vendor\\laravel\\lumen-framework\\src\\Concerns\\RoutesRequests.php(282): Laravel\\Lumen\\Application->callControllerAction(Array)
#14 C:\\Laravel_Project\\apigateway\\vendor\\laravel\\lumen-framework\\src\\Concerns\\RoutesRequests.php(267): Laravel\\Lumen\\Application->callActionOnArrayBasedRoute(Array)
#15 C:\\Laravel_Project\\apigateway\\vendor\\laravel\\lumen-framework\\src\\Concerns\\RoutesRequests.php(169): Laravel\\Lumen\\Application->handleFoundRoute(Array)
#16 C:\\Laravel_Project\\apigateway\\vendor\\laravel\\lumen-framework\\src\\Concerns\\RoutesRequests.php(429): Laravel\\Lumen\\Application->Laravel\\Lumen\\Concerns\\{closure}(Object(Laravel\\Lumen\\Http\\Request))
#17 C:\\Laravel_Project\\apigateway\\vendor\\laravel\\lumen-framework\\src\\Concerns\\RoutesRequests.php(175): Laravel\\Lumen\\Application->sendThroughPipeline(Array, Object(Closure))
#18 C:\\Laravel_Project\\apigateway\\vendor\\laravel\\lumen-framework\\src\\Concerns\\RoutesRequests.php(112): Laravel\\Lumen\\Application->dispatch(NULL)
#19 C:\\Laravel_Project\\apigateway\\public\\index.php(28): Laravel\\Lumen\\Application->run()
#20 {main}
"} 
